Aplikasi Learning English/app/build/intermediates/manifest_merge_blame_file/debug/manifest-merger-blame-debug-report.txt
1<?xml version="1.0" encoding="utf-8"?>
2<manifest xmlns:android="http://schemas.android.com/apk/res/android"
3    package="com.udinus.a4309_a11202012884_lailatulfitriyah_utsppb"
4    android:versionCode="1"
5    android:versionName="1.0" >
6
7    <uses-sdk
8        android:minSdkVersion="21"
8-->src\main\AndroidManifest.xml
9        android:targetSdkVersion="31" />
9-->src\main\AndroidManifest.xml
10
11    <application
11-->src\main\AndroidManifest.xml:5:5-46:19
12        android:allowBackup="true"
12-->src\main\AndroidManifest.xml:6:9-35
13        android:appComponentFactory="androidx.core.app.CoreComponentFactory"
13-->[androidx.core:core:1.5.0] AndroidManifest.xml:24:18-86
14        android:debuggable="true"
15        android:icon="@mipmap/ic_launcher"
15-->src\main\AndroidManifest.xml:7:9-43
16        android:label="@string/app_name"
16-->src\main\AndroidManifest.xml:8:9-41
17        android:roundIcon="@mipmap/ic_launcher_round"
17-->src\main\AndroidManifest.xml:9:9-54
18        android:supportsRtl="true"
18-->src\main\AndroidManifest.xml:10:9-35
19        android:testOnly="true"
20        android:theme="@style/Theme.4309_A11202012884_LailatulFitriyah_UTSPPB" >
20-->src\main\AndroidManifest.xml:11:9-79
21        <activity
21-->src\main\AndroidManifest.xml:12:9-16:62
22            android:name="com.udinus.a4309_a11202012884_lailatulfitriyah_utsppb.MainActivity2"
22-->src\main\AndroidManifest.xml:13:13-42
23            android:exported="true"
23-->src\main\AndroidManifest.xml:14:13-36
24            android:label="Details"
24-->src\main\AndroidManifest.xml:15:13-36
25            android:parentActivityName="com.udinus.a4309_a11202012884_lailatulfitriyah_utsppb.RecyclerViewMenu" />
25-->src\main\AndroidManifest.xml:16:13-59
26        <activity
26-->src\main\AndroidManifest.xml:17:9-20:15
27            android:name="com.udinus.a4309_a11202012884_lailatulfitriyah_utsppb.RecyclerViewMenu"
27-->src\main\AndroidManifest.xml:18:13-45
28            android:exported="true" />
28-->src\main\AndroidManifest.xml:19:13-36
29        <activity
29-->src\main\AndroidManifest.xml:21:9-23:39
30            android:name="com.udinus.a4309_a11202012884_lailatulfitriyah_utsppb.Reset_Password_Activity"
30-->src\main\AndroidManifest.xml:22:13-52
31            android:exported="true" />
31-->src\main\AndroidManifest.xml:23:13-36
32        <activity
32-->src\main\AndroidManifest.xml:24:9-26:39
33            android:name="com.udinus.a4309_a11202012884_lailatulfitriyah_utsppb.ForgetPasswordActivity"
33-->src\main\AndroidManifest.xml:25:13-51
34            android:exported="true" />
34-->src\main\AndroidManifest.xml:26:13-36
35        <activity
35-->src\main\AndroidManifest.xml:27:9-29:39
36            android:name="com.udinus.a4309_a11202012884_lailatulfitriyah_utsppb.SuccessLoginActivity"
36-->src\main\AndroidManifest.xml:28:13-49
37            android:exported="true" />
37-->src\main\AndroidManifest.xml:29:13-36
38        <activity
38-->src\main\AndroidManifest.xml:30:9-32:39
39            android:name="com.udinus.a4309_a11202012884_lailatulfitriyah_utsppb.LoginActivity"
39-->src\main\AndroidManifest.xml:31:13-42
40            android:exported="true" />
40-->src\main\AndroidManifest.xml:32:13-36
41        <activity
41-->src\main\AndroidManifest.xml:33:9-41:20
42            android:name="com.udinus.a4309_a11202012884_lailatulfitriyah_utsppb.MainActivity"
42-->src\main\AndroidManifest.xml:34:13-41
43            android:exported="true" >
43-->src\main\AndroidManifest.xml:35:13-36
44            <intent-filter>
44-->src\main\AndroidManifest.xml:36:13-40:29
45                <action android:name="android.intent.action.MAIN" />
45-->src\main\AndroidManifest.xml:37:17-69
45-->src\main\AndroidManifest.xml:37:25-66
46
47                <category android:name="android.intent.category.LAUNCHER" />
47-->src\main\AndroidManifest.xml:39:17-77
47-->src\main\AndroidManifest.xml:39:27-74
48            </intent-filter>
49        </activity>
50
51        <meta-data
51-->src\main\AndroidManifest.xml:43:9-45:57
52            android:name="preloaded_fonts"
52-->src\main\AndroidManifest.xml:44:13-43
53            android:resource="@array/preloaded_fonts" />
53-->src\main\AndroidManifest.xml:45:13-54
54    </application>
55
56</manifest>